2023-10-09 10:45:01.2543|Info|Сделка состаялась :: 
Зебра с именем Пушок находится в вальере id :: 1
 | 
2023-10-09 10:45:03.6798|Info|Выручка за день :: 296 | 
2023-10-09 10:45:10.2890|Info|Куплен вальер площадью 200
 | 
2023-10-09 10:45:12.7399|Info|Сделка состаялась :: 
Лев с именем Степашка находится в вальере id :: 2
 | 
2023-10-09 10:45:15.7579|Info|Выручка за день :: 315 | 
2023-10-09 10:45:17.6910|Info|App started " hello ", " logging " |arguments=" hello ", " logging " 
2023-10-09 10:45:49.8629|Info|Куплен вальер площадью 200
 | 
2023-10-09 10:45:54.1538|Info|Сделка состаялась :: 
Лев с именем Степашка находится в вальере id :: 0
Упс :: 
Лев покушал 
Степашка скушал Зебра Пушок и выглядит очень довольным
 | 
2023-10-09 10:45:55.5369|Info|App started " hello ", " logging " |arguments=" hello ", " logging " 
